  headers.h
  main_Login.cpp
  Generating Code...
C:\Users\hp\source\repos\Educational Management System\Educational Management System\big data.h(3,15): warning C4091: 'extern ': ignored on left of 'assignments' when no variable is declared
  (compiling source file 'main_Login.cpp')
  
C:\Users\hp\source\repos\Educational Management System\Educational Management System\big data.h(9,15): warning C4091: 'extern ': ignored on left of 'cources' when no variable is declared
  (compiling source file 'main_Login.cpp')
  
C:\Users\hp\source\repos\Educational Management System\Educational Management System\big data.h(16,15): warning C4091: 'extern ': ignored on left of 'students' when no variable is declared
  (compiling source file 'main_Login.cpp')
  
C:\Users\hp\source\repos\Educational Management System\Educational Management System\student signup.h(32,13): warning C4267: 'initializing': conversion from 'size_t' to 'int', possible loss of data
  (compiling source file 'main_Login.cpp')
  
C:\Users\hp\source\repos\Educational Management System\Educational Management System\big data.h(3,15): error C2011: 'assignments': 'struct' type redefinition
  (compiling source file 'main_Login.cpp')
      C:\Users\hp\source\repos\Educational Management System\Educational Management System\big data.h(3,15):
      see declaration of 'assignments'
  
C:\Users\hp\source\repos\Educational Management System\Educational Management System\big data.h(9,15): error C2011: 'cources': 'struct' type redefinition
  (compiling source file 'main_Login.cpp')
      C:\Users\hp\source\repos\Educational Management System\Educational Management System\big data.h(9,15):
      see declaration of 'cources'
  
C:\Users\hp\source\repos\Educational Management System\Educational Management System\big data.h(16,15): error C2011: 'students': 'struct' type redefinition
  (compiling source file 'main_Login.cpp')
      C:\Users\hp\source\repos\Educational Management System\Educational Management System\big data.h(16,15):
      see declaration of 'students'
  
C:\Users\hp\source\repos\Educational Management System\Educational Management System\big data.h(25,11): error C2374: 'enrolment_year': redefinition; multiple initialization
  (compiling source file 'main_Login.cpp')
      C:\Users\hp\source\repos\Educational Management System\Educational Management System\big data.h(25,11):
      see declaration of 'enrolment_year'
  
C:\Users\hp\source\repos\Educational Management System\Educational Management System\big data.h(26,12): error C2374: 'Stu_Num': redefinition; multiple initialization
  (compiling source file 'main_Login.cpp')
      C:\Users\hp\source\repos\Educational Management System\Educational Management System\big data.h(26,12):
      see declaration of 'Stu_Num'
  
C:\Users\hp\source\repos\Educational Management System\Educational Management System\big data.h(27,12): error C2374: 'stu_index': redefinition; multiple initialization
  (compiling source file 'main_Login.cpp')
      C:\Users\hp\source\repos\Educational Management System\Educational Management System\big data.h(27,12):
      see declaration of 'stu_index'
  
C:\Users\hp\source\repos\Educational Management System\Educational Management System\big data.h(25,11): error C2374: 'enrolment_year': redefinition; multiple initialization
  (compiling source file 'main_Login.cpp')
      C:\Users\hp\source\repos\Educational Management System\Educational Management System\big data.h(25,11):
      see declaration of 'enrolment_year'
  
C:\Users\hp\source\repos\Educational Management System\Educational Management System\big data.h(26,12): error C2374: 'Stu_Num': redefinition; multiple initialization
  (compiling source file 'main_Login.cpp')
      C:\Users\hp\source\repos\Educational Management System\Educational Management System\big data.h(26,12):
      see declaration of 'Stu_Num'
  
C:\Users\hp\source\repos\Educational Management System\Educational Management System\big data.h(27,12): error C2374: 'stu_index': redefinition; multiple initialization
  (compiling source file 'main_Login.cpp')
      C:\Users\hp\source\repos\Educational Management System\Educational Management System\big data.h(27,12):
      see declaration of 'stu_index'
  
C:\Users\hp\source\repos\Educational Management System\Educational Management System\search machine.h(8,16): error C3878: syntax error: unexpected token ',' following 'condition'
  (compiling source file 'main_Login.cpp')
      C:\Users\hp\source\repos\Educational Management System\Educational Management System\search machine.h(8,16):
      missing one of:  ')' ';' ?
  
C:\Users\hp\source\repos\Educational Management System\Educational Management System\search machine.h(8,16): message : error recovery skipped: ', identifier <  . . . identifier'
  (compiling source file 'main_Login.cpp')
  
C:\Users\hp\source\repos\Educational Management System\Educational Management System\search machine.h(10,17): error C2760: syntax error: '<' was unexpected here; expected 'id-expression'
  (compiling source file 'main_Login.cpp')
  
C:\Users\hp\source\repos\Educational Management System\Educational Management System\search machine.h(10,18): error C3878: syntax error: unexpected token 'int' following 'expression'
  (compiling source file 'main_Login.cpp')
  
C:\Users\hp\source\repos\Educational Management System\Educational Management System\search machine.h(10,18): message : error recovery skipped: 'int > identifier'
  (compiling source file 'main_Login.cpp')
  
C:\Users\hp\source\repos\Educational Management System\Educational Management System\main_Login.cpp(5,6): warning C4326: return type of 'main' should be 'int' instead of 'void'
C:\Users\hp\source\repos\Educational Management System\Educational Management System\main_Login.cpp(8,10): error C2079: 'cource1' uses undefined struct 'cources'
C:\Users\hp\source\repos\Educational Management System\Educational Management System\main_Login.cpp(8,19): error C2079: 'cource2' uses undefined struct 'cources'
C:\Users\hp\source\repos\Educational Management System\Educational Management System\main_Login.cpp(8,28): error C2079: 'cource3' uses undefined struct 'cources'
C:\Users\hp\source\repos\Educational Management System\Educational Management System\main_Login.cpp(9,14): error C2079: 'assignment_darkarts_1' uses undefined struct 'assignments'
C:\Users\hp\source\repos\Educational Management System\Educational Management System\main_Login.cpp(9,37): error C2079: 'assignment_darkarts_2' uses undefined struct 'assignments'
C:\Users\hp\source\repos\Educational Management System\Educational Management System\main_Login.cpp(10,14): error C2079: 'assignment_potions_1' uses undefined struct 'assignments'
C:\Users\hp\source\repos\Educational Management System\Educational Management System\main_Login.cpp(10,36): error C2079: 'assignment_potions_2' uses undefined struct 'assignments'
C:\Users\hp\source\repos\Educational Management System\Educational Management System\main_Login.cpp(11,14): error C2079: 'assignment_quidditch_1' uses undefined struct 'assignments'
C:\Users\hp\source\repos\Educational Management System\Educational Management System\main_Login.cpp(11,38): error C2079: 'assignment_quidditch_2' uses undefined struct 'assignments'
C:\Users\hp\source\repos\Educational Management System\Educational Management System\main_Login.cpp(63,5): error C2360: initialization of 'StuNum' is skipped by 'case' label
      C:\Users\hp\source\repos\Educational Management System\Educational Management System\main_Login.cpp(45,10):
      see declaration of 'StuNum'
  
C:\Users\hp\source\repos\Educational Management System\Educational Management System\main_Login.cpp(89,5): error C2361: initialization of 'stuIndex' is skipped by 'default' label
      C:\Users\hp\source\repos\Educational Management System\Educational Management System\main_Login.cpp(64,10):
      see declaration of 'stuIndex'
  
C:\Users\hp\source\repos\Educational Management System\Educational Management System\main_Login.cpp(89,5): error C2361: initialization of 'StuNum' is skipped by 'default' label
      C:\Users\hp\source\repos\Educational Management System\Educational Management System\main_Login.cpp(45,10):
      see declaration of 'StuNum'
  
